<?xml version="1.0" encoding="UTF-8"?>
<!-- Generated by org.testng.reporters.JUnitReportReporter -->
<testsuite hostname="DESKTOP-DGE33NL" failures="0" tests="1" name="com.example.demo.FirstTest" time="0.023" errors="0" timestamp="2022-04-26T15:07:03 IST" skipped="0">
  <testcase classname="com.example.demo.FirstTest" name="aTest" time="0.023"/>
  <system-out/>
</testsuite> <!-- com.example.demo.FirstTest -->
