<?xml version="1.0" encoding="UTF-8"?>
<!-- Generated by org.testng.reporters.JUnitReportReporter -->
<testsuite hostname="DESKTOP-DGE33NL" failures="0" tests="2" name="com.example.demogroups.FourthTest" time="0.021" errors="0" timestamp="2022-04-29T13:25:24 IST" skipped="0">
  <testcase classname="com.example.demogroups.FourthTest" name="hTest" time="0.002"/>
  <system-out/>
  <testcase classname="com.example.demogroups.FourthTest" name="iTest" time="0.019"/>
  <system-out/>
</testsuite> <!-- com.example.demogroups.FourthTest -->
