<?xml version="1.0" encoding="UTF-8"?>
<!-- Generated by org.testng.reporters.JUnitReportReporter -->
<testsuite hostname="DESKTOP-DGE33NL" failures="0" tests="3" name="com.example.demo3ignore.SixthTest" time="0.040" errors="0" timestamp="2022-04-26T16:08:41 IST" skipped="1">
  <testcase classname="com.example.demo3ignore.SixthTest" name="csixth" time="0.005"/>
  <system-out/>
  <testcase classname="com.example.demo3ignore.SixthTest" name="bsixth" time="0.035"/>
  <system-out/>
  <testcase classname="com.example.demo3ignore.SixthTest" name="asixth">
    <skipped/>
  </testcase> <!-- asixth -->
  <system-out/>
</testsuite> <!-- com.example.demo3ignore.SixthTest -->
