<?xml version="1.0" encoding="UTF-8"?>
<!-- Generated by org.testng.reporters.JUnitReportReporter -->
<testsuite hostname="DESKTOP-DGE33NL" failures="0" tests="3" name="com.example.demo3ignore.SeventhTest" time="0.008" errors="0" timestamp="2022-04-26T16:07:37 IST" skipped="1">
  <testcase classname="com.example.demo3ignore.SeventhTest" name="bseventh" time="0.005"/>
  <system-out/>
  <testcase classname="com.example.demo3ignore.SeventhTest" name="cseventh" time="0.003"/>
  <system-out/>
  <testcase classname="com.example.demo3ignore.SeventhTest" name="aseventh">
    <skipped/>
  </testcase> <!-- aseventh -->
  <system-out/>
</testsuite> <!-- com.example.demo3ignore.SeventhTest -->
