<?xml version="1.0" encoding="UTF-8"?>
<!-- Generated by org.testng.reporters.JUnitReportReporter -->
<testsuite hostname="DESKTOP-DGE33NL" failures="0" tests="2" name="com.example.dataprovider.dp1" time="0.047" errors="0" timestamp="2022-04-29T15:51:58 IST" skipped="0">
  <testcase classname="com.example.dataprovider.dp1" name="t2it" time="0.040"/>
  <system-out/>
  <testcase classname="com.example.dataprovider.dp1" name="t2it" time="0.007"/>
  <system-out/>
</testsuite> <!-- com.example.dataprovider.dp1 -->
