<?xml version="1.0" encoding="UTF-8"?>
<!-- Generated by org.testng.reporters.JUnitReportReporter -->
<testsuite hostname="DESKTOP-DGE33NL" failures="0" tests="3" name="com.example.dataprovider.dp2" time="0.051" errors="0" timestamp="2022-04-29T16:15:56 IST" skipped="0">
  <testcase classname="com.example.dataprovider.dp2" name="t2" time="0.031"/>
  <system-out/>
  <testcase classname="com.example.dataprovider.dp2" name="t2" time="0.015"/>
  <system-out/>
  <testcase classname="com.example.dataprovider.dp2" name="t2" time="0.005"/>
  <system-out/>
</testsuite> <!-- com.example.dataprovider.dp2 -->
