<?xml version="1.0" encoding="UTF-8"?>
<!-- Generated by org.testng.reporters.JUnitReportReporter -->
<testsuite hostname="DESKTOP-DGE33NL" failures="0" tests="3" name="com.example.demo2.FourthTest" time="0.030" errors="0" timestamp="2022-04-26T15:43:41 IST" skipped="0">
  <testcase classname="com.example.demo2.FourthTest" name="jTest" time="0.003"/>
  <system-out/>
  <testcase classname="com.example.demo2.FourthTest" name="iTest" time="0.005"/>
  <system-out/>
  <testcase classname="com.example.demo2.FourthTest" name="hTest" time="0.022"/>
  <system-out/>
</testsuite> <!-- com.example.demo2.FourthTest -->
