<?xml version="1.0" encoding="UTF-8"?>
<!-- Generated by org.testng.reporters.JUnitReportReporter -->
<testsuite hostname="DESKTOP-DGE33NL" failures="0" tests="1" name="com.example.excelDP.ReadExcelTest" time="4.379" errors="0" timestamp="2022-04-29T18:46:25 IST" skipped="0">
  <testcase classname="com.example.excelDP.ReadExcelTest" name="readExcel" time="4.379"/>
  <system-out/>
</testsuite> <!-- com.example.excelDP.ReadExcelTest -->
