<?xml version="1.0" encoding="UTF-8"?>
<!-- Generated by org.testng.reporters.JUnitReportReporter -->
<testsuite hostname="DESKTOP-DGE33NL" failures="0" tests="3" name="com.example.demo2.ThirdTest" time="0.033" errors="0" timestamp="2022-04-26T15:46:56 IST" skipped="0">
  <testcase classname="com.example.demo2.ThirdTest" name="lTest" time="0.027"/>
  <system-out/>
  <testcase classname="com.example.demo2.ThirdTest" name="mTest" time="0.003"/>
  <system-out/>
  <testcase classname="com.example.demo2.ThirdTest" name="kTest" time="0.003"/>
  <system-out/>
</testsuite> <!-- com.example.demo2.ThirdTest -->
