<?xml version="1.0" encoding="UTF-8"?>
<!-- Generated by org.testng.reporters.JUnitReportReporter -->
<testsuite hostname="DESKTOP-DGE33NL" failures="0" tests="2" name="com.example.demo2.FifthTest" time="0.024" errors="0" timestamp="2022-04-26T13:58:30 IST" skipped="0">
  <testcase classname="com.example.demo2.FifthTest" name="f" time="0.016"/>
  <system-out/>
  <testcase classname="com.example.demo2.FifthTest" name="test2" time="0.008"/>
  <system-out/>
</testsuite> <!-- com.example.demo2.FifthTest -->
